<?xml version="1.0" encoding="UTF-8"?>
<testng-results ignored="0" total="1" passed="1" failed="0" skipped="0">
  <reporter-output>
  </reporter-output>
  <suite started-at="2023-09-05T16:01:50 IST" name="Default suite" finished-at="2023-09-05T16:02:04 IST" duration-ms="13953">
    <groups>
    </groups>
    <test started-at="2023-09-05T16:01:50 IST" name="Default test" finished-at="2023-09-05T16:02:04 IST" duration-ms="13953">
      <class name="testscript.RetirementCalculator">
        <test-method is-config="true" signature="launchBrowserAndOpenApp()[pri:0, instance:testscript.RetirementCalculator@76a82f33]" started-at="2023-09-05T16:01:50 IST" name="launchBrowserAndOpenApp" finished-at="2023-09-05T16:01:59 IST" duration-ms="8866" status="PASS">
          <reporter-output>
          </reporter-output>
        </test-method> <!-- launchBrowserAndOpenApp -->
        <test-method signature="retirementCalculatorTest()[pri:0, instance:testscript.RetirementCalculator@76a82f33]" started-at="2023-09-05T16:01:59 IST" name="retirementCalculatorTest" finished-at="2023-09-05T16:02:04 IST" duration-ms="4848" status="PASS">
          <reporter-output>
          </reporter-output>
        </test-method> <!-- retirementCalculatorTest -->
        <test-method is-config="true" signature="tearDown()[pri:0, instance:testscript.RetirementCalculator@76a82f33]" started-at="2023-09-05T16:02:04 IST" name="tearDown" finished-at="2023-09-05T16:02:04 IST" duration-ms="207" status="PASS">
          <reporter-output>
          </reporter-output>
        </test-method> <!-- tearDown -->
      </class> <!-- testscript.RetirementCalculator -->
    </test> <!-- Default test -->
  </suite> <!-- Default suite -->
</testng-results>
