<?xml version="1.0" encoding="UTF-8"?>
<testng-results ignored="0" total="2" passed="2" failed="0" skipped="0">
  <reporter-output>
  </reporter-output>
  <suite started-at="2023-09-12T12:09:40 IST" name="Suite" finished-at="2023-09-12T12:10:15 IST" duration-ms="34846">
    <groups>
    </groups>
    <test started-at="2023-09-12T12:09:40 IST" name="Test" finished-at="2023-09-12T12:10:15 IST" duration-ms="34846">
      <class name="testscript.RetirementCalculator">
        <test-method is-config="true" signature="launchBrowserAndOpenApp()[pri:0, instance:testscript.RetirementCalculator@1922e6d]" started-at="2023-09-12T12:09:41 IST" name="launchBrowserAndOpenApp" finished-at="2023-09-12T12:09:53 IST" duration-ms="12377" status="PASS">
          <reporter-output>
          </reporter-output>
        </test-method> <!-- launchBrowserAndOpenApp -->
        <test-method signature="retirementCalculatorTest()[pri:0, instance:testscript.RetirementCalculator@1922e6d]" started-at="2023-09-12T12:09:53 IST" name="retirementCalculatorTest" finished-at="2023-09-12T12:10:00 IST" duration-ms="7042" status="PASS">
          <reporter-output>
          </reporter-output>
        </test-method> <!-- retirementCalculatorTest -->
        <test-method is-config="true" signature="tearDown()[pri:0, instance:testscript.RetirementCalculator@1922e6d]" started-at="2023-09-12T12:10:00 IST" name="tearDown" finished-at="2023-09-12T12:10:00 IST" duration-ms="414" status="PASS">
          <reporter-output>
          </reporter-output>
        </test-method> <!-- tearDown -->
      </class> <!-- testscript.RetirementCalculator -->
      <class name="testscript.MandatoryFieldErrorTest">
        <test-method is-config="true" signature="launchBrowserAndOpenApp()[pri:0, instance:testscript.MandatoryFieldErrorTest@4b6166aa]" started-at="2023-09-12T12:10:00 IST" name="launchBrowserAndOpenApp" finished-at="2023-09-12T12:10:10 IST" duration-ms="9433" status="PASS">
          <reporter-output>
          </reporter-output>
        </test-method> <!-- launchBrowserAndOpenApp -->
        <test-method signature="mandatoryFieldErrorTest()[pri:0, instance:testscript.MandatoryFieldErrorTest@4b6166aa]" started-at="2023-09-12T12:10:10 IST" name="mandatoryFieldErrorTest" finished-at="2023-09-12T12:10:15 IST" duration-ms="4990" status="PASS">
          <reporter-output>
          </reporter-output>
        </test-method> <!-- mandatoryFieldErrorTest -->
        <test-method is-config="true" signature="tearDown()[pri:0, instance:testscript.MandatoryFieldErrorTest@4b6166aa]" started-at="2023-09-12T12:10:15 IST" name="tearDown" finished-at="2023-09-12T12:10:15 IST" duration-ms="493" status="PASS">
          <reporter-output>
          </reporter-output>
        </test-method> <!-- tearDown -->
      </class> <!-- testscript.MandatoryFieldErrorTest -->
    </test> <!-- Test -->
  </suite> <!-- Suite -->
</testng-results>
